<?xml version="1.0" encoding="UTF-8"?>
<!-- Generated by org.testng.reporters.JUnitReportReporter -->
<testsuite skipped="0" hostname="WL201017" name="com.exercise.scripts.test1" tests="1" failures="0" timestamp="2021-02-15T14:42:17 AEDT" time="2.357" errors="0">
  <testcase name="test" time="2.357" classname="com.exercise.scripts.test1"/>
</testsuite> <!-- com.exercise.scripts.test1 -->
